<?xml version="1.0" encoding="utf-8"?><testsuites><testsuite name="pytest" errors="0" failures="0" skipped="0" tests="6" time="3.484" timestamp="2023-01-08T15:47:51.034026" hostname="Gustavos-MacBook-Air.local"><testcase classname="tests.test_buscador" name="test_foo_bar" time="0.000" /><testcase classname="tests.test_buscador" name="test_foo_bar2" time="0.000" /><testcase classname="tests.test_buscador" name="test_formaturl" time="0.000" /><testcase classname="tests.test_buscador" name="test_get_site" time="2.838" /><testcase classname="tests.test_buscador" name="test_calc_hash" time="0.001" /><testcase classname="tests.test_buscador" name="test_verify_site" time="0.370" /></testsuite></testsuites>